c:\users\fa11enprince\documents\visual studio 2013\projects\c++\d2dclock\d2dclock\debug\vc120.pdb
c:\users\fa11enprince\documents\visual studio 2013\projects\c++\d2dclock\d2dclock\debug\vc120.idb
c:\users\fa11enprince\documents\visual studio 2013\projects\c++\d2dclock\d2dclock\debug\main.obj
c:\users\fa11enprince\documents\visual studio 2013\projects\c++\d2dclock\d2dclock\debug\clockscene.obj
c:\users\fa11enprince\documents\visual studio 2013\projects\c++\d2dclock\d2dclock\debug\d2dclock.ilk
c:\users\fa11enprince\documents\visual studio 2013\projects\c++\d2dclock\d2dclock\debug\d2dclock.exe
c:\users\fa11enprince\documents\visual studio 2013\projects\c++\d2dclock\d2dclock\debug\d2dclock.pdb
c:\users\fa11enprince\documents\visual studio 2013\projects\c++\d2dclock\d2dclock\debug\d2dclock.exe.embed.manifest.res
c:\users\fa11enprince\documents\visual studio 2013\projects\c++\d2dclock\d2dclock\debug\d2dclock.res
c:\users\fa11enprince\documents\visual studio 2013\projects\c++\d2dclock\d2dclock\debug\d2dclock.exe.embed.manifest
c:\users\fa11enprince\documents\visual studio 2013\projects\c++\d2dclock\d2dclock\debug\d2dclock_manifest.rc
c:\users\fa11enprince\documents\visual studio 2013\projects\c++\d2dclock\d2dclock\debug\d2dclock.tlog\cl.command.1.tlog
c:\users\fa11enprince\documents\visual studio 2013\projects\c++\d2dclock\d2dclock\debug\d2dclock.tlog\cl.read.1.tlog
c:\users\fa11enprince\documents\visual studio 2013\projects\c++\d2dclock\d2dclock\debug\d2dclock.tlog\cl.write.1.tlog
c:\users\fa11enprince\documents\visual studio 2013\projects\c++\d2dclock\d2dclock\debug\d2dclock.tlog\link.command.1.tlog
c:\users\fa11enprince\documents\visual studio 2013\projects\c++\d2dclock\d2dclock\debug\d2dclock.tlog\link.read.1.tlog
c:\users\fa11enprince\documents\visual studio 2013\projects\c++\d2dclock\d2dclock\debug\d2dclock.tlog\link.write.1.tlog
c:\users\fa11enprince\documents\visual studio 2013\projects\c++\d2dclock\d2dclock\debug\d2dclock.tlog\rc.command.1.tlog
c:\users\fa11enprince\documents\visual studio 2013\projects\c++\d2dclock\d2dclock\debug\d2dclock.tlog\rc.read.1.tlog
c:\users\fa11enprince\documents\visual studio 2013\projects\c++\d2dclock\d2dclock\debug\d2dclock.tlog\rc.write.1.tlog
